2023.02.22 16:45:34 INFO  tracing is disabled for protocol LSP, to enable tracing of incoming and outgoing JSON messages create an empty file at e:\BS CS (IBA)\8th Semester\FYP Stuff\GeneratePDF\.metals\lsp.trace.json or C:\Users\Hope\AppData\Local\scalameta\metals\cache\lsp.trace.json
Feb 22, 2023 4:45:42 PM org.eclipse.lsp4j.jsonrpc.RemoteEndpoint fallbackResponseError
SEVERE: Internal error: java.lang.IllegalArgumentException: Illegal character in path at index 13: file:///e:/BS CS %28IBA%29/8th Semester/FYP Stuff/GeneratePDF
java.util.concurrent.CompletionException: java.lang.IllegalArgumentException: Illegal character in path at index 13: file:///e:/BS CS %28IBA%29/8th Semester/FYP Stuff/GeneratePDF
	at java.base/java.util.concurrent.CompletableFuture.encodeThrowable(CompletableFuture.java:331)
	at java.base/java.util.concurrent.CompletableFuture.completeThrowable(CompletableFuture.java:346)
	at java.base/java.util.concurrent.CompletableFuture$UniAccept.tryFire(CompletableFuture.java:704)
	at java.base/java.util.concurrent.CompletableFuture.postComplete(CompletableFuture.java:506)
	at java.base/java.util.concurrent.CompletableFuture.completeExceptionally(CompletableFuture.java:2088)
	at scala.concurrent.java8.FuturesConvertersImpl$CF.apply(FutureConvertersImpl.scala:29)
	at scala.concurrent.java8.FuturesConvertersImpl$CF.apply(FutureConvertersImpl.scala:26)
	at scala.concurrent.impl.Promise$Transformation.run(Promise.scala:484)
	at scala.concurrent.ExecutionContext$parasitic$.execute(ExecutionContext.scala:222)
	at scala.concurrent.impl.Promise$Transformation.submitWithValue(Promise.scala:429)
	at scala.concurrent.impl.Promise$DefaultPromise.submitWithValue(Promise.scala:338)
	at scala.concurrent.impl.Promise$DefaultPromise.tryComplete0(Promise.scala:285)
	at scala.concurrent.impl.Promise$Transformation.run(Promise.scala:504)
	at java.base/java.util.concurrent.ThreadPoolExecutor.runWorker(ThreadPoolExecutor.java:1128)
	at java.base/java.util.concurrent.ThreadPoolExecutor$Worker.run(ThreadPoolExecutor.java:628)
	at java.base/java.lang.Thread.run(Thread.java:829)
Caused by: java.lang.IllegalArgumentException: Illegal character in path at index 13: file:///e:/BS CS %28IBA%29/8th Semester/FYP Stuff/GeneratePDF
	at java.base/java.net.URI.create(URI.java:883)
	at scala.meta.internal.mtags.MtagsEnrichments$XtensionStringMtags.toAbsolutePath(MtagsEnrichments.scala:158)
	at scala.meta.internal.metals.MetalsEnrichments$XtensionString.toAbsolutePath(MetalsEnrichments.scala:609)
	at scala.meta.internal.metals.MetalsEnrichments$XtensionString.toAbsolutePath(MetalsEnrichments.scala:606)
	at scala.meta.internal.metals.MetalsLanguageServer.updateWorkspaceDirectory(MetalsLanguageServer.scala:365)
	at scala.meta.internal.metals.MetalsLanguageServer.$anonfun$initialize$2(MetalsLanguageServer.scala:879)
	at scala.concurrent.Future$.$anonfun$apply$1(Future.scala:678)
	at scala.concurrent.impl.Promise$Transformation.run(Promise.scala:467)
	... 3 more
Caused by: java.net.URISyntaxException: Illegal character in path at index 13: file:///e:/BS CS %28IBA%29/8th Semester/FYP Stuff/GeneratePDF
	at java.base/java.net.URI$Parser.fail(URI.java:2913)
	at java.base/java.net.URI$Parser.checkChars(URI.java:3084)
	at java.base/java.net.URI$Parser.parseHierarchical(URI.java:3166)
	at java.base/java.net.URI$Parser.parse(URI.java:3114)
	at java.base/java.net.URI.<init>(URI.java:600)
	at java.base/java.net.URI.create(URI.java:881)
	... 10 more

2023.02.22 16:45:53 INFO  tracing is disabled for protocol LSP, to enable tracing of incoming and outgoing JSON messages create an empty file at e:\BS CS (IBA)\8th Semester\FYP Stuff\GeneratePDF\.metals\lsp.trace.json or C:\Users\Hope\AppData\Local\scalameta\metals\cache\lsp.trace.json
Feb 22, 2023 4:45:57 PM org.eclipse.lsp4j.jsonrpc.RemoteEndpoint fallbackResponseError
SEVERE: Internal error: java.lang.IllegalArgumentException: Illegal character in path at index 13: file:///e:/BS CS %28IBA%29/8th Semester/FYP Stuff/GeneratePDF
java.util.concurrent.CompletionException: java.lang.IllegalArgumentException: Illegal character in path at index 13: file:///e:/BS CS %28IBA%29/8th Semester/FYP Stuff/GeneratePDF
	at java.base/java.util.concurrent.CompletableFuture.encodeThrowable(CompletableFuture.java:331)
	at java.base/java.util.concurrent.CompletableFuture.completeThrowable(CompletableFuture.java:346)
	at java.base/java.util.concurrent.CompletableFuture$UniAccept.tryFire(CompletableFuture.java:704)
	at java.base/java.util.concurrent.CompletableFuture.postComplete(CompletableFuture.java:506)
	at java.base/java.util.concurrent.CompletableFuture.completeExceptionally(CompletableFuture.java:2088)
	at scala.concurrent.java8.FuturesConvertersImpl$CF.apply(FutureConvertersImpl.scala:29)
	at scala.concurrent.java8.FuturesConvertersImpl$CF.apply(FutureConvertersImpl.scala:26)
	at scala.concurrent.impl.Promise$Transformation.run(Promise.scala:484)
	at scala.concurrent.ExecutionContext$parasitic$.execute(ExecutionContext.scala:222)
	at scala.concurrent.impl.Promise$Transformation.submitWithValue(Promise.scala:429)
	at scala.concurrent.impl.Promise$DefaultPromise.submitWithValue(Promise.scala:338)
	at scala.concurrent.impl.Promise$DefaultPromise.tryComplete0(Promise.scala:285)
	at scala.concurrent.impl.Promise$Transformation.run(Promise.scala:504)
	at java.base/java.util.concurrent.ThreadPoolExecutor.runWorker(ThreadPoolExecutor.java:1128)
	at java.base/java.util.concurrent.ThreadPoolExecutor$Worker.run(ThreadPoolExecutor.java:628)
	at java.base/java.lang.Thread.run(Thread.java:829)
Caused by: java.lang.IllegalArgumentException: Illegal character in path at index 13: file:///e:/BS CS %28IBA%29/8th Semester/FYP Stuff/GeneratePDF
	at java.base/java.net.URI.create(URI.java:883)
	at scala.meta.internal.mtags.MtagsEnrichments$XtensionStringMtags.toAbsolutePath(MtagsEnrichments.scala:158)
	at scala.meta.internal.metals.MetalsEnrichments$XtensionString.toAbsolutePath(MetalsEnrichments.scala:609)
	at scala.meta.internal.metals.MetalsEnrichments$XtensionString.toAbsolutePath(MetalsEnrichments.scala:606)
	at scala.meta.internal.metals.MetalsLanguageServer.updateWorkspaceDirectory(MetalsLanguageServer.scala:365)
	at scala.meta.internal.metals.MetalsLanguageServer.$anonfun$initialize$2(MetalsLanguageServer.scala:879)
	at scala.concurrent.Future$.$anonfun$apply$1(Future.scala:678)
	at scala.concurrent.impl.Promise$Transformation.run(Promise.scala:467)
	... 3 more
Caused by: java.net.URISyntaxException: Illegal character in path at index 13: file:///e:/BS CS %28IBA%29/8th Semester/FYP Stuff/GeneratePDF
	at java.base/java.net.URI$Parser.fail(URI.java:2913)
	at java.base/java.net.URI$Parser.checkChars(URI.java:3084)
	at java.base/java.net.URI$Parser.parseHierarchical(URI.java:3166)
	at java.base/java.net.URI$Parser.parse(URI.java:3114)
	at java.base/java.net.URI.<init>(URI.java:600)
	at java.base/java.net.URI.create(URI.java:881)
	... 10 more

2023.02.22 16:46:06 INFO  tracing is disabled for protocol LSP, to enable tracing of incoming and outgoing JSON messages create an empty file at e:\BS CS (IBA)\8th Semester\FYP Stuff\GeneratePDF\.metals\lsp.trace.json or C:\Users\Hope\AppData\Local\scalameta\metals\cache\lsp.trace.json
Feb 22, 2023 4:46:10 PM org.eclipse.lsp4j.jsonrpc.RemoteEndpoint fallbackResponseError
SEVERE: Internal error: java.lang.IllegalArgumentException: Illegal character in path at index 13: file:///e:/BS CS %28IBA%29/8th Semester/FYP Stuff/GeneratePDF
java.util.concurrent.CompletionException: java.lang.IllegalArgumentException: Illegal character in path at index 13: file:///e:/BS CS %28IBA%29/8th Semester/FYP Stuff/GeneratePDF
	at java.base/java.util.concurrent.CompletableFuture.encodeThrowable(CompletableFuture.java:331)
	at java.base/java.util.concurrent.CompletableFuture.completeThrowable(CompletableFuture.java:346)
	at java.base/java.util.concurrent.CompletableFuture$UniAccept.tryFire(CompletableFuture.java:704)
	at java.base/java.util.concurrent.CompletableFuture.postComplete(CompletableFuture.java:506)
	at java.base/java.util.concurrent.CompletableFuture.completeExceptionally(CompletableFuture.java:2088)
	at scala.concurrent.java8.FuturesConvertersImpl$CF.apply(FutureConvertersImpl.scala:29)
	at scala.concurrent.java8.FuturesConvertersImpl$CF.apply(FutureConvertersImpl.scala:26)
	at scala.concurrent.impl.Promise$Transformation.run(Promise.scala:484)
	at scala.concurrent.ExecutionContext$parasitic$.execute(ExecutionContext.scala:222)
	at scala.concurrent.impl.Promise$Transformation.submitWithValue(Promise.scala:429)
	at scala.concurrent.impl.Promise$DefaultPromise.submitWithValue(Promise.scala:338)
	at scala.concurrent.impl.Promise$DefaultPromise.tryComplete0(Promise.scala:285)
	at scala.concurrent.impl.Promise$Transformation.run(Promise.scala:504)
	at java.base/java.util.concurrent.ThreadPoolExecutor.runWorker(ThreadPoolExecutor.java:1128)
	at java.base/java.util.concurrent.ThreadPoolExecutor$Worker.run(ThreadPoolExecutor.java:628)
	at java.base/java.lang.Thread.run(Thread.java:829)
Caused by: java.lang.IllegalArgumentException: Illegal character in path at index 13: file:///e:/BS CS %28IBA%29/8th Semester/FYP Stuff/GeneratePDF
	at java.base/java.net.URI.create(URI.java:883)
	at scala.meta.internal.mtags.MtagsEnrichments$XtensionStringMtags.toAbsolutePath(MtagsEnrichments.scala:158)
	at scala.meta.internal.metals.MetalsEnrichments$XtensionString.toAbsolutePath(MetalsEnrichments.scala:609)
	at scala.meta.internal.metals.MetalsEnrichments$XtensionString.toAbsolutePath(MetalsEnrichments.scala:606)
	at scala.meta.internal.metals.MetalsLanguageServer.updateWorkspaceDirectory(MetalsLanguageServer.scala:365)
	at scala.meta.internal.metals.MetalsLanguageServer.$anonfun$initialize$2(MetalsLanguageServer.scala:879)
	at scala.concurrent.Future$.$anonfun$apply$1(Future.scala:678)
	at scala.concurrent.impl.Promise$Transformation.run(Promise.scala:467)
	... 3 more
Caused by: java.net.URISyntaxException: Illegal character in path at index 13: file:///e:/BS CS %28IBA%29/8th Semester/FYP Stuff/GeneratePDF
	at java.base/java.net.URI$Parser.fail(URI.java:2913)
	at java.base/java.net.URI$Parser.checkChars(URI.java:3084)
	at java.base/java.net.URI$Parser.parseHierarchical(URI.java:3166)
	at java.base/java.net.URI$Parser.parse(URI.java:3114)
	at java.base/java.net.URI.<init>(URI.java:600)
	at java.base/java.net.URI.create(URI.java:881)
	... 10 more

2023.02.22 16:46:16 INFO  tracing is disabled for protocol LSP, to enable tracing of incoming and outgoing JSON messages create an empty file at e:\BS CS (IBA)\8th Semester\FYP Stuff\GeneratePDF\.metals\lsp.trace.json or C:\Users\Hope\AppData\Local\scalameta\metals\cache\lsp.trace.json
Feb 22, 2023 4:46:18 PM org.eclipse.lsp4j.jsonrpc.RemoteEndpoint fallbackResponseError
SEVERE: Internal error: java.lang.IllegalArgumentException: Illegal character in path at index 13: file:///e:/BS CS %28IBA%29/8th Semester/FYP Stuff/GeneratePDF
java.util.concurrent.CompletionException: java.lang.IllegalArgumentException: Illegal character in path at index 13: file:///e:/BS CS %28IBA%29/8th Semester/FYP Stuff/GeneratePDF
	at java.base/java.util.concurrent.CompletableFuture.encodeThrowable(CompletableFuture.java:331)
	at java.base/java.util.concurrent.CompletableFuture.completeThrowable(CompletableFuture.java:346)
	at java.base/java.util.concurrent.CompletableFuture$UniAccept.tryFire(CompletableFuture.java:704)
	at java.base/java.util.concurrent.CompletableFuture.postComplete(CompletableFuture.java:506)
	at java.base/java.util.concurrent.CompletableFuture.completeExceptionally(CompletableFuture.java:2088)
	at scala.concurrent.java8.FuturesConvertersImpl$CF.apply(FutureConvertersImpl.scala:29)
	at scala.concurrent.java8.FuturesConvertersImpl$CF.apply(FutureConvertersImpl.scala:26)
	at scala.concurrent.impl.Promise$Transformation.run(Promise.scala:484)
	at scala.concurrent.ExecutionContext$parasitic$.execute(ExecutionContext.scala:222)
	at scala.concurrent.impl.Promise$Transformation.submitWithValue(Promise.scala:429)
	at scala.concurrent.impl.Promise$DefaultPromise.submitWithValue(Promise.scala:338)
	at scala.concurrent.impl.Promise$DefaultPromise.tryComplete0(Promise.scala:285)
	at scala.concurrent.impl.Promise$Transformation.run(Promise.scala:504)
	at java.base/java.util.concurrent.ThreadPoolExecutor.runWorker(ThreadPoolExecutor.java:1128)
	at java.base/java.util.concurrent.ThreadPoolExecutor$Worker.run(ThreadPoolExecutor.java:628)
	at java.base/java.lang.Thread.run(Thread.java:829)
Caused by: java.lang.IllegalArgumentException: Illegal character in path at index 13: file:///e:/BS CS %28IBA%29/8th Semester/FYP Stuff/GeneratePDF
	at java.base/java.net.URI.create(URI.java:883)
	at scala.meta.internal.mtags.MtagsEnrichments$XtensionStringMtags.toAbsolutePath(MtagsEnrichments.scala:158)
	at scala.meta.internal.metals.MetalsEnrichments$XtensionString.toAbsolutePath(MetalsEnrichments.scala:609)
	at scala.meta.internal.metals.MetalsEnrichments$XtensionString.toAbsolutePath(MetalsEnrichments.scala:606)
	at scala.meta.internal.metals.MetalsLanguageServer.updateWorkspaceDirectory(MetalsLanguageServer.scala:365)
	at scala.meta.internal.metals.MetalsLanguageServer.$anonfun$initialize$2(MetalsLanguageServer.scala:879)
	at scala.concurrent.Future$.$anonfun$apply$1(Future.scala:678)
	at scala.concurrent.impl.Promise$Transformation.run(Promise.scala:467)
	... 3 more
Caused by: java.net.URISyntaxException: Illegal character in path at index 13: file:///e:/BS CS %28IBA%29/8th Semester/FYP Stuff/GeneratePDF
	at java.base/java.net.URI$Parser.fail(URI.java:2913)
	at java.base/java.net.URI$Parser.checkChars(URI.java:3084)
	at java.base/java.net.URI$Parser.parseHierarchical(URI.java:3166)
	at java.base/java.net.URI$Parser.parse(URI.java:3114)
	at java.base/java.net.URI.<init>(URI.java:600)
	at java.base/java.net.URI.create(URI.java:881)
	... 10 more

2023.02.22 16:46:23 INFO  tracing is disabled for protocol LSP, to enable tracing of incoming and outgoing JSON messages create an empty file at e:\BS CS (IBA)\8th Semester\FYP Stuff\GeneratePDF\.metals\lsp.trace.json or C:\Users\Hope\AppData\Local\scalameta\metals\cache\lsp.trace.json
Feb 22, 2023 4:46:26 PM org.eclipse.lsp4j.jsonrpc.RemoteEndpoint fallbackResponseError
SEVERE: Internal error: java.lang.IllegalArgumentException: Illegal character in path at index 13: file:///e:/BS CS %28IBA%29/8th Semester/FYP Stuff/GeneratePDF
java.util.concurrent.CompletionException: java.lang.IllegalArgumentException: Illegal character in path at index 13: file:///e:/BS CS %28IBA%29/8th Semester/FYP Stuff/GeneratePDF
	at java.base/java.util.concurrent.CompletableFuture.encodeThrowable(CompletableFuture.java:331)
	at java.base/java.util.concurrent.CompletableFuture.completeThrowable(CompletableFuture.java:346)
	at java.base/java.util.concurrent.CompletableFuture$UniAccept.tryFire(CompletableFuture.java:704)
	at java.base/java.util.concurrent.CompletableFuture.postComplete(CompletableFuture.java:506)
	at java.base/java.util.concurrent.CompletableFuture.completeExceptionally(CompletableFuture.java:2088)
	at scala.concurrent.java8.FuturesConvertersImpl$CF.apply(FutureConvertersImpl.scala:29)
	at scala.concurrent.java8.FuturesConvertersImpl$CF.apply(FutureConvertersImpl.scala:26)
	at scala.concurrent.impl.Promise$Transformation.run(Promise.scala:484)
	at scala.concurrent.ExecutionContext$parasitic$.execute(ExecutionContext.scala:222)
	at scala.concurrent.impl.Promise$Transformation.submitWithValue(Promise.scala:429)
	at scala.concurrent.impl.Promise$DefaultPromise.submitWithValue(Promise.scala:338)
	at scala.concurrent.impl.Promise$DefaultPromise.tryComplete0(Promise.scala:285)
	at scala.concurrent.impl.Promise$Transformation.run(Promise.scala:504)
	at java.base/java.util.concurrent.ThreadPoolExecutor.runWorker(ThreadPoolExecutor.java:1128)
	at java.base/java.util.concurrent.ThreadPoolExecutor$Worker.run(ThreadPoolExecutor.java:628)
	at java.base/java.lang.Thread.run(Thread.java:829)
Caused by: java.lang.IllegalArgumentException: Illegal character in path at index 13: file:///e:/BS CS %28IBA%29/8th Semester/FYP Stuff/GeneratePDF
	at java.base/java.net.URI.create(URI.java:883)
	at scala.meta.internal.mtags.MtagsEnrichments$XtensionStringMtags.toAbsolutePath(MtagsEnrichments.scala:158)
	at scala.meta.internal.metals.MetalsEnrichments$XtensionString.toAbsolutePath(MetalsEnrichments.scala:609)
	at scala.meta.internal.metals.MetalsEnrichments$XtensionString.toAbsolutePath(MetalsEnrichments.scala:606)
	at scala.meta.internal.metals.MetalsLanguageServer.updateWorkspaceDirectory(MetalsLanguageServer.scala:365)
	at scala.meta.internal.metals.MetalsLanguageServer.$anonfun$initialize$2(MetalsLanguageServer.scala:879)
	at scala.concurrent.Future$.$anonfun$apply$1(Future.scala:678)
	at scala.concurrent.impl.Promise$Transformation.run(Promise.scala:467)
	... 3 more
Caused by: java.net.URISyntaxException: Illegal character in path at index 13: file:///e:/BS CS %28IBA%29/8th Semester/FYP Stuff/GeneratePDF
	at java.base/java.net.URI$Parser.fail(URI.java:2913)
	at java.base/java.net.URI$Parser.checkChars(URI.java:3084)
	at java.base/java.net.URI$Parser.parseHierarchical(URI.java:3166)
	at java.base/java.net.URI$Parser.parse(URI.java:3114)
	at java.base/java.net.URI.<init>(URI.java:600)
	at java.base/java.net.URI.create(URI.java:881)
	... 10 more

2023.02.24 23:20:30 INFO  tracing is disabled for protocol LSP, to enable tracing of incoming and outgoing JSON messages create an empty file at e:\BS CS (IBA)\8th Semester\FYP Stuff\GeneratePDF\.metals\lsp.trace.json or C:\Users\Hope\AppData\Local\scalameta\metals\cache\lsp.trace.json
Feb 24, 2023 11:20:40 PM org.eclipse.lsp4j.jsonrpc.RemoteEndpoint fallbackResponseError
SEVERE: Internal error: java.lang.IllegalArgumentException: Illegal character in path at index 13: file:///e:/BS CS %28IBA%29/8th Semester/FYP Stuff/GeneratePDF
java.util.concurrent.CompletionException: java.lang.IllegalArgumentException: Illegal character in path at index 13: file:///e:/BS CS %28IBA%29/8th Semester/FYP Stuff/GeneratePDF
	at java.base/java.util.concurrent.CompletableFuture.encodeThrowable(CompletableFuture.java:331)
	at java.base/java.util.concurrent.CompletableFuture.completeThrowable(CompletableFuture.java:346)
	at java.base/java.util.concurrent.CompletableFuture$UniAccept.tryFire(CompletableFuture.java:704)
	at java.base/java.util.concurrent.CompletableFuture.postComplete(CompletableFuture.java:506)
	at java.base/java.util.concurrent.CompletableFuture.completeExceptionally(CompletableFuture.java:2088)
	at scala.concurrent.java8.FuturesConvertersImpl$CF.apply(FutureConvertersImpl.scala:29)
	at scala.concurrent.java8.FuturesConvertersImpl$CF.apply(FutureConvertersImpl.scala:26)
	at scala.concurrent.impl.Promise$Transformation.run(Promise.scala:484)
	at scala.concurrent.ExecutionContext$parasitic$.execute(ExecutionContext.scala:222)
	at scala.concurrent.impl.Promise$Transformation.submitWithValue(Promise.scala:429)
	at scala.concurrent.impl.Promise$DefaultPromise.submitWithValue(Promise.scala:338)
	at scala.concurrent.impl.Promise$DefaultPromise.tryComplete0(Promise.scala:285)
	at scala.concurrent.impl.Promise$Transformation.run(Promise.scala:504)
	at java.base/java.util.concurrent.ThreadPoolExecutor.runWorker(ThreadPoolExecutor.java:1128)
	at java.base/java.util.concurrent.ThreadPoolExecutor$Worker.run(ThreadPoolExecutor.java:628)
	at java.base/java.lang.Thread.run(Thread.java:829)
Caused by: java.lang.IllegalArgumentException: Illegal character in path at index 13: file:///e:/BS CS %28IBA%29/8th Semester/FYP Stuff/GeneratePDF
	at java.base/java.net.URI.create(URI.java:883)
	at scala.meta.internal.mtags.MtagsEnrichments$XtensionStringMtags.toAbsolutePath(MtagsEnrichments.scala:158)
	at scala.meta.internal.metals.MetalsEnrichments$XtensionString.toAbsolutePath(MetalsEnrichments.scala:609)
	at scala.meta.internal.metals.MetalsEnrichments$XtensionString.toAbsolutePath(MetalsEnrichments.scala:606)
	at scala.meta.internal.metals.MetalsLanguageServer.updateWorkspaceDirectory(MetalsLanguageServer.scala:365)
	at scala.meta.internal.metals.MetalsLanguageServer.$anonfun$initialize$2(MetalsLanguageServer.scala:879)
	at scala.concurrent.Future$.$anonfun$apply$1(Future.scala:678)
	at scala.concurrent.impl.Promise$Transformation.run(Promise.scala:467)
	... 3 more
Caused by: java.net.URISyntaxException: Illegal character in path at index 13: file:///e:/BS CS %28IBA%29/8th Semester/FYP Stuff/GeneratePDF
	at java.base/java.net.URI$Parser.fail(URI.java:2913)
	at java.base/java.net.URI$Parser.checkChars(URI.java:3084)
	at java.base/java.net.URI$Parser.parseHierarchical(URI.java:3166)
	at java.base/java.net.URI$Parser.parse(URI.java:3114)
	at java.base/java.net.URI.<init>(URI.java:600)
	at java.base/java.net.URI.create(URI.java:881)
	... 10 more

2023.02.24 23:20:50 INFO  tracing is disabled for protocol LSP, to enable tracing of incoming and outgoing JSON messages create an empty file at e:\BS CS (IBA)\8th Semester\FYP Stuff\GeneratePDF\.metals\lsp.trace.json or C:\Users\Hope\AppData\Local\scalameta\metals\cache\lsp.trace.json
Feb 24, 2023 11:20:53 PM org.eclipse.lsp4j.jsonrpc.RemoteEndpoint fallbackResponseError
SEVERE: Internal error: java.lang.IllegalArgumentException: Illegal character in path at index 13: file:///e:/BS CS %28IBA%29/8th Semester/FYP Stuff/GeneratePDF
java.util.concurrent.CompletionException: java.lang.IllegalArgumentException: Illegal character in path at index 13: file:///e:/BS CS %28IBA%29/8th Semester/FYP Stuff/GeneratePDF
	at java.base/java.util.concurrent.CompletableFuture.encodeThrowable(CompletableFuture.java:331)
	at java.base/java.util.concurrent.CompletableFuture.completeThrowable(CompletableFuture.java:346)
	at java.base/java.util.concurrent.CompletableFuture$UniAccept.tryFire(CompletableFuture.java:704)
	at java.base/java.util.concurrent.CompletableFuture.postComplete(CompletableFuture.java:506)
	at java.base/java.util.concurrent.CompletableFuture.completeExceptionally(CompletableFuture.java:2088)
	at scala.concurrent.java8.FuturesConvertersImpl$CF.apply(FutureConvertersImpl.scala:29)
	at scala.concurrent.java8.FuturesConvertersImpl$CF.apply(FutureConvertersImpl.scala:26)
	at scala.concurrent.impl.Promise$Transformation.run(Promise.scala:484)
	at scala.concurrent.ExecutionContext$parasitic$.execute(ExecutionContext.scala:222)
	at scala.concurrent.impl.Promise$Transformation.submitWithValue(Promise.scala:429)
	at scala.concurrent.impl.Promise$DefaultPromise.submitWithValue(Promise.scala:338)
	at scala.concurrent.impl.Promise$DefaultPromise.tryComplete0(Promise.scala:285)
	at scala.concurrent.impl.Promise$Transformation.run(Promise.scala:504)
	at java.base/java.util.concurrent.ThreadPoolExecutor.runWorker(ThreadPoolExecutor.java:1128)
	at java.base/java.util.concurrent.ThreadPoolExecutor$Worker.run(ThreadPoolExecutor.java:628)
	at java.base/java.lang.Thread.run(Thread.java:829)
Caused by: java.lang.IllegalArgumentException: Illegal character in path at index 13: file:///e:/BS CS %28IBA%29/8th Semester/FYP Stuff/GeneratePDF
	at java.base/java.net.URI.create(URI.java:883)
	at scala.meta.internal.mtags.MtagsEnrichments$XtensionStringMtags.toAbsolutePath(MtagsEnrichments.scala:158)
	at scala.meta.internal.metals.MetalsEnrichments$XtensionString.toAbsolutePath(MetalsEnrichments.scala:609)
	at scala.meta.internal.metals.MetalsEnrichments$XtensionString.toAbsolutePath(MetalsEnrichments.scala:606)
	at scala.meta.internal.metals.MetalsLanguageServer.updateWorkspaceDirectory(MetalsLanguageServer.scala:365)
	at scala.meta.internal.metals.MetalsLanguageServer.$anonfun$initialize$2(MetalsLanguageServer.scala:879)
	at scala.concurrent.Future$.$anonfun$apply$1(Future.scala:678)
	at scala.concurrent.impl.Promise$Transformation.run(Promise.scala:467)
	... 3 more
Caused by: java.net.URISyntaxException: Illegal character in path at index 13: file:///e:/BS CS %28IBA%29/8th Semester/FYP Stuff/GeneratePDF
	at java.base/java.net.URI$Parser.fail(URI.java:2913)
	at java.base/java.net.URI$Parser.checkChars(URI.java:3084)
	at java.base/java.net.URI$Parser.parseHierarchical(URI.java:3166)
	at java.base/java.net.URI$Parser.parse(URI.java:3114)
	at java.base/java.net.URI.<init>(URI.java:600)
	at java.base/java.net.URI.create(URI.java:881)
	... 10 more

2023.02.24 23:21:01 INFO  tracing is disabled for protocol LSP, to enable tracing of incoming and outgoing JSON messages create an empty file at e:\BS CS (IBA)\8th Semester\FYP Stuff\GeneratePDF\.metals\lsp.trace.json or C:\Users\Hope\AppData\Local\scalameta\metals\cache\lsp.trace.json
Feb 24, 2023 11:21:05 PM org.eclipse.lsp4j.jsonrpc.RemoteEndpoint fallbackResponseError
SEVERE: Internal error: java.lang.IllegalArgumentException: Illegal character in path at index 13: file:///e:/BS CS %28IBA%29/8th Semester/FYP Stuff/GeneratePDF
java.util.concurrent.CompletionException: java.lang.IllegalArgumentException: Illegal character in path at index 13: file:///e:/BS CS %28IBA%29/8th Semester/FYP Stuff/GeneratePDF
	at java.base/java.util.concurrent.CompletableFuture.encodeThrowable(CompletableFuture.java:331)
	at java.base/java.util.concurrent.CompletableFuture.completeThrowable(CompletableFuture.java:346)
	at java.base/java.util.concurrent.CompletableFuture$UniAccept.tryFire(CompletableFuture.java:704)
	at java.base/java.util.concurrent.CompletableFuture.postComplete(CompletableFuture.java:506)
	at java.base/java.util.concurrent.CompletableFuture.completeExceptionally(CompletableFuture.java:2088)
	at scala.concurrent.java8.FuturesConvertersImpl$CF.apply(FutureConvertersImpl.scala:29)
	at scala.concurrent.java8.FuturesConvertersImpl$CF.apply(FutureConvertersImpl.scala:26)
	at scala.concurrent.impl.Promise$Transformation.run(Promise.scala:484)
	at scala.concurrent.ExecutionContext$parasitic$.execute(ExecutionContext.scala:222)
	at scala.concurrent.impl.Promise$Transformation.submitWithValue(Promise.scala:429)
	at scala.concurrent.impl.Promise$DefaultPromise.submitWithValue(Promise.scala:338)
	at scala.concurrent.impl.Promise$DefaultPromise.tryComplete0(Promise.scala:285)
	at scala.concurrent.impl.Promise$Transformation.run(Promise.scala:504)
	at java.base/java.util.concurrent.ThreadPoolExecutor.runWorker(ThreadPoolExecutor.java:1128)
	at java.base/java.util.concurrent.ThreadPoolExecutor$Worker.run(ThreadPoolExecutor.java:628)
	at java.base/java.lang.Thread.run(Thread.java:829)
Caused by: java.lang.IllegalArgumentException: Illegal character in path at index 13: file:///e:/BS CS %28IBA%29/8th Semester/FYP Stuff/GeneratePDF
	at java.base/java.net.URI.create(URI.java:883)
	at scala.meta.internal.mtags.MtagsEnrichments$XtensionStringMtags.toAbsolutePath(MtagsEnrichments.scala:158)
	at scala.meta.internal.metals.MetalsEnrichments$XtensionString.toAbsolutePath(MetalsEnrichments.scala:609)
	at scala.meta.internal.metals.MetalsEnrichments$XtensionString.toAbsolutePath(MetalsEnrichments.scala:606)
	at scala.meta.internal.metals.MetalsLanguageServer.updateWorkspaceDirectory(MetalsLanguageServer.scala:365)
	at scala.meta.internal.metals.MetalsLanguageServer.$anonfun$initialize$2(MetalsLanguageServer.scala:879)
	at scala.concurrent.Future$.$anonfun$apply$1(Future.scala:678)
	at scala.concurrent.impl.Promise$Transformation.run(Promise.scala:467)
	... 3 more
Caused by: java.net.URISyntaxException: Illegal character in path at index 13: file:///e:/BS CS %28IBA%29/8th Semester/FYP Stuff/GeneratePDF
	at java.base/java.net.URI$Parser.fail(URI.java:2913)
	at java.base/java.net.URI$Parser.checkChars(URI.java:3084)
	at java.base/java.net.URI$Parser.parseHierarchical(URI.java:3166)
	at java.base/java.net.URI$Parser.parse(URI.java:3114)
	at java.base/java.net.URI.<init>(URI.java:600)
	at java.base/java.net.URI.create(URI.java:881)
	... 10 more

2023.02.24 23:21:30 INFO  tracing is disabled for protocol LSP, to enable tracing of incoming and outgoing JSON messages create an empty file at e:\BS CS (IBA)\8th Semester\FYP Stuff\GeneratePDF\.metals\lsp.trace.json or C:\Users\Hope\AppData\Local\scalameta\metals\cache\lsp.trace.json
Feb 24, 2023 11:21:34 PM org.eclipse.lsp4j.jsonrpc.RemoteEndpoint fallbackResponseError
SEVERE: Internal error: java.lang.IllegalArgumentException: Illegal character in path at index 13: file:///e:/BS CS %28IBA%29/8th Semester/FYP Stuff/GeneratePDF
java.util.concurrent.CompletionException: java.lang.IllegalArgumentException: Illegal character in path at index 13: file:///e:/BS CS %28IBA%29/8th Semester/FYP Stuff/GeneratePDF
	at java.base/java.util.concurrent.CompletableFuture.encodeThrowable(CompletableFuture.java:331)
	at java.base/java.util.concurrent.CompletableFuture.completeThrowable(CompletableFuture.java:346)
	at java.base/java.util.concurrent.CompletableFuture$UniAccept.tryFire(CompletableFuture.java:704)
	at java.base/java.util.concurrent.CompletableFuture.postComplete(CompletableFuture.java:506)
	at java.base/java.util.concurrent.CompletableFuture.completeExceptionally(CompletableFuture.java:2088)
	at scala.concurrent.java8.FuturesConvertersImpl$CF.apply(FutureConvertersImpl.scala:29)
	at scala.concurrent.java8.FuturesConvertersImpl$CF.apply(FutureConvertersImpl.scala:26)
	at scala.concurrent.impl.Promise$Transformation.run(Promise.scala:484)
	at scala.concurrent.ExecutionContext$parasitic$.execute(ExecutionContext.scala:222)
	at scala.concurrent.impl.Promise$Transformation.submitWithValue(Promise.scala:429)
	at scala.concurrent.impl.Promise$DefaultPromise.submitWithValue(Promise.scala:338)
	at scala.concurrent.impl.Promise$DefaultPromise.tryComplete0(Promise.scala:285)
	at scala.concurrent.impl.Promise$Transformation.run(Promise.scala:504)
	at java.base/java.util.concurrent.ThreadPoolExecutor.runWorker(ThreadPoolExecutor.java:1128)
	at java.base/java.util.concurrent.ThreadPoolExecutor$Worker.run(ThreadPoolExecutor.java:628)
	at java.base/java.lang.Thread.run(Thread.java:829)
Caused by: java.lang.IllegalArgumentException: Illegal character in path at index 13: file:///e:/BS CS %28IBA%29/8th Semester/FYP Stuff/GeneratePDF
	at java.base/java.net.URI.create(URI.java:883)
	at scala.meta.internal.mtags.MtagsEnrichments$XtensionStringMtags.toAbsolutePath(MtagsEnrichments.scala:158)
	at scala.meta.internal.metals.MetalsEnrichments$XtensionString.toAbsolutePath(MetalsEnrichments.scala:609)
	at scala.meta.internal.metals.MetalsEnrichments$XtensionString.toAbsolutePath(MetalsEnrichments.scala:606)
	at scala.meta.internal.metals.MetalsLanguageServer.updateWorkspaceDirectory(MetalsLanguageServer.scala:365)
	at scala.meta.internal.metals.MetalsLanguageServer.$anonfun$initialize$2(MetalsLanguageServer.scala:879)
	at scala.concurrent.Future$.$anonfun$apply$1(Future.scala:678)
	at scala.concurrent.impl.Promise$Transformation.run(Promise.scala:467)
	... 3 more
Caused by: java.net.URISyntaxException: Illegal character in path at index 13: file:///e:/BS CS %28IBA%29/8th Semester/FYP Stuff/GeneratePDF
	at java.base/java.net.URI$Parser.fail(URI.java:2913)
	at java.base/java.net.URI$Parser.checkChars(URI.java:3084)
	at java.base/java.net.URI$Parser.parseHierarchical(URI.java:3166)
	at java.base/java.net.URI$Parser.parse(URI.java:3114)
	at java.base/java.net.URI.<init>(URI.java:600)
	at java.base/java.net.URI.create(URI.java:881)
	... 10 more

2023.02.24 23:21:41 INFO  tracing is disabled for protocol LSP, to enable tracing of incoming and outgoing JSON messages create an empty file at e:\BS CS (IBA)\8th Semester\FYP Stuff\GeneratePDF\.metals\lsp.trace.json or C:\Users\Hope\AppData\Local\scalameta\metals\cache\lsp.trace.json
Feb 24, 2023 11:21:45 PM org.eclipse.lsp4j.jsonrpc.RemoteEndpoint fallbackResponseError
SEVERE: Internal error: java.lang.IllegalArgumentException: Illegal character in path at index 13: file:///e:/BS CS %28IBA%29/8th Semester/FYP Stuff/GeneratePDF
java.util.concurrent.CompletionException: java.lang.IllegalArgumentException: Illegal character in path at index 13: file:///e:/BS CS %28IBA%29/8th Semester/FYP Stuff/GeneratePDF
	at java.base/java.util.concurrent.CompletableFuture.encodeThrowable(CompletableFuture.java:331)
	at java.base/java.util.concurrent.CompletableFuture.completeThrowable(CompletableFuture.java:346)
	at java.base/java.util.concurrent.CompletableFuture$UniAccept.tryFire(CompletableFuture.java:704)
	at java.base/java.util.concurrent.CompletableFuture.postComplete(CompletableFuture.java:506)
	at java.base/java.util.concurrent.CompletableFuture.completeExceptionally(CompletableFuture.java:2088)
	at scala.concurrent.java8.FuturesConvertersImpl$CF.apply(FutureConvertersImpl.scala:29)
	at scala.concurrent.java8.FuturesConvertersImpl$CF.apply(FutureConvertersImpl.scala:26)
	at scala.concurrent.impl.Promise$Transformation.run(Promise.scala:484)
	at scala.concurrent.ExecutionContext$parasitic$.execute(ExecutionContext.scala:222)
	at scala.concurrent.impl.Promise$Transformation.submitWithValue(Promise.scala:429)
	at scala.concurrent.impl.Promise$DefaultPromise.submitWithValue(Promise.scala:338)
	at scala.concurrent.impl.Promise$DefaultPromise.tryComplete0(Promise.scala:285)
	at scala.concurrent.impl.Promise$Transformation.run(Promise.scala:504)
	at java.base/java.util.concurrent.ThreadPoolExecutor.runWorker(ThreadPoolExecutor.java:1128)
	at java.base/java.util.concurrent.ThreadPoolExecutor$Worker.run(ThreadPoolExecutor.java:628)
	at java.base/java.lang.Thread.run(Thread.java:829)
Caused by: java.lang.IllegalArgumentException: Illegal character in path at index 13: file:///e:/BS CS %28IBA%29/8th Semester/FYP Stuff/GeneratePDF
	at java.base/java.net.URI.create(URI.java:883)
	at scala.meta.internal.mtags.MtagsEnrichments$XtensionStringMtags.toAbsolutePath(MtagsEnrichments.scala:158)
	at scala.meta.internal.metals.MetalsEnrichments$XtensionString.toAbsolutePath(MetalsEnrichments.scala:609)
	at scala.meta.internal.metals.MetalsEnrichments$XtensionString.toAbsolutePath(MetalsEnrichments.scala:606)
	at scala.meta.internal.metals.MetalsLanguageServer.updateWorkspaceDirectory(MetalsLanguageServer.scala:365)
	at scala.meta.internal.metals.MetalsLanguageServer.$anonfun$initialize$2(MetalsLanguageServer.scala:879)
	at scala.concurrent.Future$.$anonfun$apply$1(Future.scala:678)
	at scala.concurrent.impl.Promise$Transformation.run(Promise.scala:467)
	... 3 more
Caused by: java.net.URISyntaxException: Illegal character in path at index 13: file:///e:/BS CS %28IBA%29/8th Semester/FYP Stuff/GeneratePDF
	at java.base/java.net.URI$Parser.fail(URI.java:2913)
	at java.base/java.net.URI$Parser.checkChars(URI.java:3084)
	at java.base/java.net.URI$Parser.parseHierarchical(URI.java:3166)
	at java.base/java.net.URI$Parser.parse(URI.java:3114)
	at java.base/java.net.URI.<init>(URI.java:600)
	at java.base/java.net.URI.create(URI.java:881)
	... 10 more

2023.02.25 12:21:10 INFO  tracing is disabled for protocol LSP, to enable tracing of incoming and outgoing JSON messages create an empty file at e:\BS CS (IBA)\8th Semester\FYP Stuff\GeneratePDF\.metals\lsp.trace.json or C:\Users\Hope\AppData\Local\scalameta\metals\cache\lsp.trace.json
Feb 25, 2023 12:21:21 PM org.eclipse.lsp4j.jsonrpc.RemoteEndpoint fallbackResponseError
SEVERE: Internal error: java.lang.IllegalArgumentException: Illegal character in path at index 13: file:///e:/BS CS %28IBA%29/8th Semester/FYP Stuff/GeneratePDF
java.util.concurrent.CompletionException: java.lang.IllegalArgumentException: Illegal character in path at index 13: file:///e:/BS CS %28IBA%29/8th Semester/FYP Stuff/GeneratePDF
	at java.base/java.util.concurrent.CompletableFuture.encodeThrowable(CompletableFuture.java:331)
	at java.base/java.util.concurrent.CompletableFuture.completeThrowable(CompletableFuture.java:346)
	at java.base/java.util.concurrent.CompletableFuture$UniAccept.tryFire(CompletableFuture.java:704)
	at java.base/java.util.concurrent.CompletableFuture.postComplete(CompletableFuture.java:506)
	at java.base/java.util.concurrent.CompletableFuture.completeExceptionally(CompletableFuture.java:2088)
	at scala.concurrent.java8.FuturesConvertersImpl$CF.apply(FutureConvertersImpl.scala:29)
	at scala.concurrent.java8.FuturesConvertersImpl$CF.apply(FutureConvertersImpl.scala:26)
	at scala.concurrent.impl.Promise$Transformation.run(Promise.scala:484)
	at scala.concurrent.ExecutionContext$parasitic$.execute(ExecutionContext.scala:222)
	at scala.concurrent.impl.Promise$Transformation.submitWithValue(Promise.scala:429)
	at scala.concurrent.impl.Promise$DefaultPromise.submitWithValue(Promise.scala:338)
	at scala.concurrent.impl.Promise$DefaultPromise.tryComplete0(Promise.scala:285)
	at scala.concurrent.impl.Promise$Transformation.run(Promise.scala:504)
	at java.base/java.util.concurrent.ThreadPoolExecutor.runWorker(ThreadPoolExecutor.java:1128)
	at java.base/java.util.concurrent.ThreadPoolExecutor$Worker.run(ThreadPoolExecutor.java:628)
	at java.base/java.lang.Thread.run(Thread.java:829)
Caused by: java.lang.IllegalArgumentException: Illegal character in path at index 13: file:///e:/BS CS %28IBA%29/8th Semester/FYP Stuff/GeneratePDF
	at java.base/java.net.URI.create(URI.java:883)
	at scala.meta.internal.mtags.MtagsEnrichments$XtensionStringMtags.toAbsolutePath(MtagsEnrichments.scala:158)
	at scala.meta.internal.metals.MetalsEnrichments$XtensionString.toAbsolutePath(MetalsEnrichments.scala:609)
	at scala.meta.internal.metals.MetalsEnrichments$XtensionString.toAbsolutePath(MetalsEnrichments.scala:606)
	at scala.meta.internal.metals.MetalsLanguageServer.updateWorkspaceDirectory(MetalsLanguageServer.scala:365)
	at scala.meta.internal.metals.MetalsLanguageServer.$anonfun$initialize$2(MetalsLanguageServer.scala:879)
	at scala.concurrent.Future$.$anonfun$apply$1(Future.scala:678)
	at scala.concurrent.impl.Promise$Transformation.run(Promise.scala:467)
	... 3 more
Caused by: java.net.URISyntaxException: Illegal character in path at index 13: file:///e:/BS CS %28IBA%29/8th Semester/FYP Stuff/GeneratePDF
	at java.base/java.net.URI$Parser.fail(URI.java:2913)
	at java.base/java.net.URI$Parser.checkChars(URI.java:3084)
	at java.base/java.net.URI$Parser.parseHierarchical(URI.java:3166)
	at java.base/java.net.URI$Parser.parse(URI.java:3114)
	at java.base/java.net.URI.<init>(URI.java:600)
	at java.base/java.net.URI.create(URI.java:881)
	... 10 more

2023.02.25 12:21:43 INFO  tracing is disabled for protocol LSP, to enable tracing of incoming and outgoing JSON messages create an empty file at e:\BS CS (IBA)\8th Semester\FYP Stuff\GeneratePDF\.metals\lsp.trace.json or C:\Users\Hope\AppData\Local\scalameta\metals\cache\lsp.trace.json
Feb 25, 2023 12:21:56 PM org.eclipse.lsp4j.jsonrpc.RemoteEndpoint fallbackResponseError
SEVERE: Internal error: java.lang.IllegalArgumentException: Illegal character in path at index 13: file:///e:/BS CS %28IBA%29/8th Semester/FYP Stuff/GeneratePDF
java.util.concurrent.CompletionException: java.lang.IllegalArgumentException: Illegal character in path at index 13: file:///e:/BS CS %28IBA%29/8th Semester/FYP Stuff/GeneratePDF
	at java.base/java.util.concurrent.CompletableFuture.encodeThrowable(CompletableFuture.java:331)
	at java.base/java.util.concurrent.CompletableFuture.completeThrowable(CompletableFuture.java:346)
	at java.base/java.util.concurrent.CompletableFuture$UniAccept.tryFire(CompletableFuture.java:704)
	at java.base/java.util.concurrent.CompletableFuture.postComplete(CompletableFuture.java:506)
	at java.base/java.util.concurrent.CompletableFuture.completeExceptionally(CompletableFuture.java:2088)
	at scala.concurrent.java8.FuturesConvertersImpl$CF.apply(FutureConvertersImpl.scala:29)
	at scala.concurrent.java8.FuturesConvertersImpl$CF.apply(FutureConvertersImpl.scala:26)
	at scala.concurrent.impl.Promise$Transformation.run(Promise.scala:484)
	at scala.concurrent.ExecutionContext$parasitic$.execute(ExecutionContext.scala:222)
	at scala.concurrent.impl.Promise$Transformation.submitWithValue(Promise.scala:429)
	at scala.concurrent.impl.Promise$DefaultPromise.submitWithValue(Promise.scala:338)
	at scala.concurrent.impl.Promise$DefaultPromise.tryComplete0(Promise.scala:285)
	at scala.concurrent.impl.Promise$Transformation.run(Promise.scala:504)
	at java.base/java.util.concurrent.ThreadPoolExecutor.runWorker(ThreadPoolExecutor.java:1128)
	at java.base/java.util.concurrent.ThreadPoolExecutor$Worker.run(ThreadPoolExecutor.java:628)
	at java.base/java.lang.Thread.run(Thread.java:829)
Caused by: java.lang.IllegalArgumentException: Illegal character in path at index 13: file:///e:/BS CS %28IBA%29/8th Semester/FYP Stuff/GeneratePDF
	at java.base/java.net.URI.create(URI.java:883)
	at scala.meta.internal.mtags.MtagsEnrichments$XtensionStringMtags.toAbsolutePath(MtagsEnrichments.scala:158)
	at scala.meta.internal.metals.MetalsEnrichments$XtensionString.toAbsolutePath(MetalsEnrichments.scala:609)
	at scala.meta.internal.metals.MetalsEnrichments$XtensionString.toAbsolutePath(MetalsEnrichments.scala:606)
	at scala.meta.internal.metals.MetalsLanguageServer.updateWorkspaceDirectory(MetalsLanguageServer.scala:365)
	at scala.meta.internal.metals.MetalsLanguageServer.$anonfun$initialize$2(MetalsLanguageServer.scala:879)
	at scala.concurrent.Future$.$anonfun$apply$1(Future.scala:678)
	at scala.concurrent.impl.Promise$Transformation.run(Promise.scala:467)
	... 3 more
Caused by: java.net.URISyntaxException: Illegal character in path at index 13: file:///e:/BS CS %28IBA%29/8th Semester/FYP Stuff/GeneratePDF
	at java.base/java.net.URI$Parser.fail(URI.java:2913)
	at java.base/java.net.URI$Parser.checkChars(URI.java:3084)
	at java.base/java.net.URI$Parser.parseHierarchical(URI.java:3166)
	at java.base/java.net.URI$Parser.parse(URI.java:3114)
	at java.base/java.net.URI.<init>(URI.java:600)
	at java.base/java.net.URI.create(URI.java:881)
	... 10 more

2023.02.25 12:22:11 INFO  tracing is disabled for protocol LSP, to enable tracing of incoming and outgoing JSON messages create an empty file at e:\BS CS (IBA)\8th Semester\FYP Stuff\GeneratePDF\.metals\lsp.trace.json or C:\Users\Hope\AppData\Local\scalameta\metals\cache\lsp.trace.json
Feb 25, 2023 12:22:31 PM org.eclipse.lsp4j.jsonrpc.RemoteEndpoint fallbackResponseError
SEVERE: Internal error: java.lang.IllegalArgumentException: Illegal character in path at index 13: file:///e:/BS CS %28IBA%29/8th Semester/FYP Stuff/GeneratePDF
java.util.concurrent.CompletionException: java.lang.IllegalArgumentException: Illegal character in path at index 13: file:///e:/BS CS %28IBA%29/8th Semester/FYP Stuff/GeneratePDF
	at java.base/java.util.concurrent.CompletableFuture.encodeThrowable(CompletableFuture.java:331)
	at java.base/java.util.concurrent.CompletableFuture.completeThrowable(CompletableFuture.java:346)
	at java.base/java.util.concurrent.CompletableFuture$UniAccept.tryFire(CompletableFuture.java:704)
	at java.base/java.util.concurrent.CompletableFuture.postComplete(CompletableFuture.java:506)
	at java.base/java.util.concurrent.CompletableFuture.completeExceptionally(CompletableFuture.java:2088)
	at scala.concurrent.java8.FuturesConvertersImpl$CF.apply(FutureConvertersImpl.scala:29)
	at scala.concurrent.java8.FuturesConvertersImpl$CF.apply(FutureConvertersImpl.scala:26)
	at scala.concurrent.impl.Promise$Transformation.run(Promise.scala:484)
	at scala.concurrent.ExecutionContext$parasitic$.execute(ExecutionContext.scala:222)
	at scala.concurrent.impl.Promise$Transformation.submitWithValue(Promise.scala:429)
	at scala.concurrent.impl.Promise$DefaultPromise.submitWithValue(Promise.scala:338)
	at scala.concurrent.impl.Promise$DefaultPromise.tryComplete0(Promise.scala:285)
	at scala.concurrent.impl.Promise$Transformation.run(Promise.scala:504)
	at java.base/java.util.concurrent.ThreadPoolExecutor.runWorker(ThreadPoolExecutor.java:1128)
	at java.base/java.util.concurrent.ThreadPoolExecutor$Worker.run(ThreadPoolExecutor.java:628)
	at java.base/java.lang.Thread.run(Thread.java:829)
Caused by: java.lang.IllegalArgumentException: Illegal character in path at index 13: file:///e:/BS CS %28IBA%29/8th Semester/FYP Stuff/GeneratePDF
	at java.base/java.net.URI.create(URI.java:883)
	at scala.meta.internal.mtags.MtagsEnrichments$XtensionStringMtags.toAbsolutePath(MtagsEnrichments.scala:158)
	at scala.meta.internal.metals.MetalsEnrichments$XtensionString.toAbsolutePath(MetalsEnrichments.scala:609)
	at scala.meta.internal.metals.MetalsEnrichments$XtensionString.toAbsolutePath(MetalsEnrichments.scala:606)
	at scala.meta.internal.metals.MetalsLanguageServer.updateWorkspaceDirectory(MetalsLanguageServer.scala:365)
	at scala.meta.internal.metals.MetalsLanguageServer.$anonfun$initialize$2(MetalsLanguageServer.scala:879)
	at scala.concurrent.Future$.$anonfun$apply$1(Future.scala:678)
	at scala.concurrent.impl.Promise$Transformation.run(Promise.scala:467)
	... 3 more
Caused by: java.net.URISyntaxException: Illegal character in path at index 13: file:///e:/BS CS %28IBA%29/8th Semester/FYP Stuff/GeneratePDF
	at java.base/java.net.URI$Parser.fail(URI.java:2913)
	at java.base/java.net.URI$Parser.checkChars(URI.java:3084)
	at java.base/java.net.URI$Parser.parseHierarchical(URI.java:3166)
	at java.base/java.net.URI$Parser.parse(URI.java:3114)
	at java.base/java.net.URI.<init>(URI.java:600)
	at java.base/java.net.URI.create(URI.java:881)
	... 10 more

2023.02.25 12:22:47 INFO  tracing is disabled for protocol LSP, to enable tracing of incoming and outgoing JSON messages create an empty file at e:\BS CS (IBA)\8th Semester\FYP Stuff\GeneratePDF\.metals\lsp.trace.json or C:\Users\Hope\AppData\Local\scalameta\metals\cache\lsp.trace.json
Feb 25, 2023 12:22:50 PM org.eclipse.lsp4j.jsonrpc.RemoteEndpoint fallbackResponseError
SEVERE: Internal error: java.lang.IllegalArgumentException: Illegal character in path at index 13: file:///e:/BS CS %28IBA%29/8th Semester/FYP Stuff/GeneratePDF
java.util.concurrent.CompletionException: java.lang.IllegalArgumentException: Illegal character in path at index 13: file:///e:/BS CS %28IBA%29/8th Semester/FYP Stuff/GeneratePDF
	at java.base/java.util.concurrent.CompletableFuture.encodeThrowable(CompletableFuture.java:331)
	at java.base/java.util.concurrent.CompletableFuture.completeThrowable(CompletableFuture.java:346)
	at java.base/java.util.concurrent.CompletableFuture$UniAccept.tryFire(CompletableFuture.java:704)
	at java.base/java.util.concurrent.CompletableFuture.postComplete(CompletableFuture.java:506)
	at java.base/java.util.concurrent.CompletableFuture.completeExceptionally(CompletableFuture.java:2088)
	at scala.concurrent.java8.FuturesConvertersImpl$CF.apply(FutureConvertersImpl.scala:29)
	at scala.concurrent.java8.FuturesConvertersImpl$CF.apply(FutureConvertersImpl.scala:26)
	at scala.concurrent.impl.Promise$Transformation.run(Promise.scala:484)
	at scala.concurrent.ExecutionContext$parasitic$.execute(ExecutionContext.scala:222)
	at scala.concurrent.impl.Promise$Transformation.submitWithValue(Promise.scala:429)
	at scala.concurrent.impl.Promise$DefaultPromise.submitWithValue(Promise.scala:338)
	at scala.concurrent.impl.Promise$DefaultPromise.tryComplete0(Promise.scala:285)
	at scala.concurrent.impl.Promise$Transformation.run(Promise.scala:504)
	at java.base/java.util.concurrent.ThreadPoolExecutor.runWorker(ThreadPoolExecutor.java:1128)
	at java.base/java.util.concurrent.ThreadPoolExecutor$Worker.run(ThreadPoolExecutor.java:628)
	at java.base/java.lang.Thread.run(Thread.java:829)
Caused by: java.lang.IllegalArgumentException: Illegal character in path at index 13: file:///e:/BS CS %28IBA%29/8th Semester/FYP Stuff/GeneratePDF
	at java.base/java.net.URI.create(URI.java:883)
	at scala.meta.internal.mtags.MtagsEnrichments$XtensionStringMtags.toAbsolutePath(MtagsEnrichments.scala:158)
	at scala.meta.internal.metals.MetalsEnrichments$XtensionString.toAbsolutePath(MetalsEnrichments.scala:609)
	at scala.meta.internal.metals.MetalsEnrichments$XtensionString.toAbsolutePath(MetalsEnrichments.scala:606)
	at scala.meta.internal.metals.MetalsLanguageServer.updateWorkspaceDirectory(MetalsLanguageServer.scala:365)
	at scala.meta.internal.metals.MetalsLanguageServer.$anonfun$initialize$2(MetalsLanguageServer.scala:879)
	at scala.concurrent.Future$.$anonfun$apply$1(Future.scala:678)
	at scala.concurrent.impl.Promise$Transformation.run(Promise.scala:467)
	... 3 more
Caused by: java.net.URISyntaxException: Illegal character in path at index 13: file:///e:/BS CS %28IBA%29/8th Semester/FYP Stuff/GeneratePDF
	at java.base/java.net.URI$Parser.fail(URI.java:2913)
	at java.base/java.net.URI$Parser.checkChars(URI.java:3084)
	at java.base/java.net.URI$Parser.parseHierarchical(URI.java:3166)
	at java.base/java.net.URI$Parser.parse(URI.java:3114)
	at java.base/java.net.URI.<init>(URI.java:600)
	at java.base/java.net.URI.create(URI.java:881)
	... 10 more

2023.02.25 12:22:58 INFO  tracing is disabled for protocol LSP, to enable tracing of incoming and outgoing JSON messages create an empty file at e:\BS CS (IBA)\8th Semester\FYP Stuff\GeneratePDF\.metals\lsp.trace.json or C:\Users\Hope\AppData\Local\scalameta\metals\cache\lsp.trace.json
Feb 25, 2023 12:23:02 PM org.eclipse.lsp4j.jsonrpc.RemoteEndpoint fallbackResponseError
SEVERE: Internal error: java.lang.IllegalArgumentException: Illegal character in path at index 13: file:///e:/BS CS %28IBA%29/8th Semester/FYP Stuff/GeneratePDF
java.util.concurrent.CompletionException: java.lang.IllegalArgumentException: Illegal character in path at index 13: file:///e:/BS CS %28IBA%29/8th Semester/FYP Stuff/GeneratePDF
	at java.base/java.util.concurrent.CompletableFuture.encodeThrowable(CompletableFuture.java:331)
	at java.base/java.util.concurrent.CompletableFuture.completeThrowable(CompletableFuture.java:346)
	at java.base/java.util.concurrent.CompletableFuture$UniAccept.tryFire(CompletableFuture.java:704)
	at java.base/java.util.concurrent.CompletableFuture.postComplete(CompletableFuture.java:506)
	at java.base/java.util.concurrent.CompletableFuture.completeExceptionally(CompletableFuture.java:2088)
	at scala.concurrent.java8.FuturesConvertersImpl$CF.apply(FutureConvertersImpl.scala:29)
	at scala.concurrent.java8.FuturesConvertersImpl$CF.apply(FutureConvertersImpl.scala:26)
	at scala.concurrent.impl.Promise$Transformation.run(Promise.scala:484)
	at scala.concurrent.ExecutionContext$parasitic$.execute(ExecutionContext.scala:222)
	at scala.concurrent.impl.Promise$Transformation.submitWithValue(Promise.scala:429)
	at scala.concurrent.impl.Promise$DefaultPromise.submitWithValue(Promise.scala:338)
	at scala.concurrent.impl.Promise$DefaultPromise.tryComplete0(Promise.scala:285)
	at scala.concurrent.impl.Promise$Transformation.run(Promise.scala:504)
	at java.base/java.util.concurrent.ThreadPoolExecutor.runWorker(ThreadPoolExecutor.java:1128)
	at java.base/java.util.concurrent.ThreadPoolExecutor$Worker.run(ThreadPoolExecutor.java:628)
	at java.base/java.lang.Thread.run(Thread.java:829)
Caused by: java.lang.IllegalArgumentException: Illegal character in path at index 13: file:///e:/BS CS %28IBA%29/8th Semester/FYP Stuff/GeneratePDF
	at java.base/java.net.URI.create(URI.java:883)
	at scala.meta.internal.mtags.MtagsEnrichments$XtensionStringMtags.toAbsolutePath(MtagsEnrichments.scala:158)
	at scala.meta.internal.metals.MetalsEnrichments$XtensionString.toAbsolutePath(MetalsEnrichments.scala:609)
	at scala.meta.internal.metals.MetalsEnrichments$XtensionString.toAbsolutePath(MetalsEnrichments.scala:606)
	at scala.meta.internal.metals.MetalsLanguageServer.updateWorkspaceDirectory(MetalsLanguageServer.scala:365)
	at scala.meta.internal.metals.MetalsLanguageServer.$anonfun$initialize$2(MetalsLanguageServer.scala:879)
	at scala.concurrent.Future$.$anonfun$apply$1(Future.scala:678)
	at scala.concurrent.impl.Promise$Transformation.run(Promise.scala:467)
	... 3 more
Caused by: java.net.URISyntaxException: Illegal character in path at index 13: file:///e:/BS CS %28IBA%29/8th Semester/FYP Stuff/GeneratePDF
	at java.base/java.net.URI$Parser.fail(URI.java:2913)
	at java.base/java.net.URI$Parser.checkChars(URI.java:3084)
	at java.base/java.net.URI$Parser.parseHierarchical(URI.java:3166)
	at java.base/java.net.URI$Parser.parse(URI.java:3114)
	at java.base/java.net.URI.<init>(URI.java:600)
	at java.base/java.net.URI.create(URI.java:881)
	... 10 more

2023.02.25 13:56:28 INFO  tracing is disabled for protocol LSP, to enable tracing of incoming and outgoing JSON messages create an empty file at e:\BS CS (IBA)\8th Semester\FYP Stuff\GeneratePDF\.metals\lsp.trace.json or C:\Users\Hope\AppData\Local\scalameta\metals\cache\lsp.trace.json
Feb 25, 2023 1:56:39 PM org.eclipse.lsp4j.jsonrpc.RemoteEndpoint fallbackResponseError
SEVERE: Internal error: java.lang.IllegalArgumentException: Illegal character in path at index 13: file:///e:/BS CS %28IBA%29/8th Semester/FYP Stuff/GeneratePDF
java.util.concurrent.CompletionException: java.lang.IllegalArgumentException: Illegal character in path at index 13: file:///e:/BS CS %28IBA%29/8th Semester/FYP Stuff/GeneratePDF
	at java.base/java.util.concurrent.CompletableFuture.encodeThrowable(CompletableFuture.java:331)
	at java.base/java.util.concurrent.CompletableFuture.completeThrowable(CompletableFuture.java:346)
	at java.base/java.util.concurrent.CompletableFuture$UniAccept.tryFire(CompletableFuture.java:704)
	at java.base/java.util.concurrent.CompletableFuture.postComplete(CompletableFuture.java:506)
	at java.base/java.util.concurrent.CompletableFuture.completeExceptionally(CompletableFuture.java:2088)
	at scala.concurrent.java8.FuturesConvertersImpl$CF.apply(FutureConvertersImpl.scala:29)
	at scala.concurrent.java8.FuturesConvertersImpl$CF.apply(FutureConvertersImpl.scala:26)
	at scala.concurrent.impl.Promise$Transformation.run(Promise.scala:484)
	at scala.concurrent.ExecutionContext$parasitic$.execute(ExecutionContext.scala:222)
	at scala.concurrent.impl.Promise$Transformation.submitWithValue(Promise.scala:429)
	at scala.concurrent.impl.Promise$DefaultPromise.submitWithValue(Promise.scala:338)
	at scala.concurrent.impl.Promise$DefaultPromise.tryComplete0(Promise.scala:285)
	at scala.concurrent.impl.Promise$Transformation.run(Promise.scala:504)
	at java.base/java.util.concurrent.ThreadPoolExecutor.runWorker(ThreadPoolExecutor.java:1128)
	at java.base/java.util.concurrent.ThreadPoolExecutor$Worker.run(ThreadPoolExecutor.java:628)
	at java.base/java.lang.Thread.run(Thread.java:829)
Caused by: java.lang.IllegalArgumentException: Illegal character in path at index 13: file:///e:/BS CS %28IBA%29/8th Semester/FYP Stuff/GeneratePDF
	at java.base/java.net.URI.create(URI.java:883)
	at scala.meta.internal.mtags.MtagsEnrichments$XtensionStringMtags.toAbsolutePath(MtagsEnrichments.scala:158)
	at scala.meta.internal.metals.MetalsEnrichments$XtensionString.toAbsolutePath(MetalsEnrichments.scala:609)
	at scala.meta.internal.metals.MetalsEnrichments$XtensionString.toAbsolutePath(MetalsEnrichments.scala:606)
	at scala.meta.internal.metals.MetalsLanguageServer.updateWorkspaceDirectory(MetalsLanguageServer.scala:365)
	at scala.meta.internal.metals.MetalsLanguageServer.$anonfun$initialize$2(MetalsLanguageServer.scala:879)
	at scala.concurrent.Future$.$anonfun$apply$1(Future.scala:678)
	at scala.concurrent.impl.Promise$Transformation.run(Promise.scala:467)
	... 3 more
Caused by: java.net.URISyntaxException: Illegal character in path at index 13: file:///e:/BS CS %28IBA%29/8th Semester/FYP Stuff/GeneratePDF
	at java.base/java.net.URI$Parser.fail(URI.java:2913)
	at java.base/java.net.URI$Parser.checkChars(URI.java:3084)
	at java.base/java.net.URI$Parser.parseHierarchical(URI.java:3166)
	at java.base/java.net.URI$Parser.parse(URI.java:3114)
	at java.base/java.net.URI.<init>(URI.java:600)
	at java.base/java.net.URI.create(URI.java:881)
	... 10 more

2023.02.25 13:56:45 INFO  tracing is disabled for protocol LSP, to enable tracing of incoming and outgoing JSON messages create an empty file at e:\BS CS (IBA)\8th Semester\FYP Stuff\GeneratePDF\.metals\lsp.trace.json or C:\Users\Hope\AppData\Local\scalameta\metals\cache\lsp.trace.json
Feb 25, 2023 1:56:47 PM org.eclipse.lsp4j.jsonrpc.RemoteEndpoint fallbackResponseError
SEVERE: Internal error: java.lang.IllegalArgumentException: Illegal character in path at index 13: file:///e:/BS CS %28IBA%29/8th Semester/FYP Stuff/GeneratePDF
java.util.concurrent.CompletionException: java.lang.IllegalArgumentException: Illegal character in path at index 13: file:///e:/BS CS %28IBA%29/8th Semester/FYP Stuff/GeneratePDF
	at java.base/java.util.concurrent.CompletableFuture.encodeThrowable(CompletableFuture.java:331)
	at java.base/java.util.concurrent.CompletableFuture.completeThrowable(CompletableFuture.java:346)
	at java.base/java.util.concurrent.CompletableFuture$UniAccept.tryFire(CompletableFuture.java:704)
	at java.base/java.util.concurrent.CompletableFuture.postComplete(CompletableFuture.java:506)
	at java.base/java.util.concurrent.CompletableFuture.completeExceptionally(CompletableFuture.java:2088)
	at scala.concurrent.java8.FuturesConvertersImpl$CF.apply(FutureConvertersImpl.scala:29)
	at scala.concurrent.java8.FuturesConvertersImpl$CF.apply(FutureConvertersImpl.scala:26)
	at scala.concurrent.impl.Promise$Transformation.run(Promise.scala:484)
	at scala.concurrent.ExecutionContext$parasitic$.execute(ExecutionContext.scala:222)
	at scala.concurrent.impl.Promise$Transformation.submitWithValue(Promise.scala:429)
	at scala.concurrent.impl.Promise$DefaultPromise.submitWithValue(Promise.scala:338)
	at scala.concurrent.impl.Promise$DefaultPromise.tryComplete0(Promise.scala:285)
	at scala.concurrent.impl.Promise$Transformation.run(Promise.scala:504)
	at java.base/java.util.concurrent.ThreadPoolExecutor.runWorker(ThreadPoolExecutor.java:1128)
	at java.base/java.util.concurrent.ThreadPoolExecutor$Worker.run(ThreadPoolExecutor.java:628)
	at java.base/java.lang.Thread.run(Thread.java:829)
Caused by: java.lang.IllegalArgumentException: Illegal character in path at index 13: file:///e:/BS CS %28IBA%29/8th Semester/FYP Stuff/GeneratePDF
	at java.base/java.net.URI.create(URI.java:883)
	at scala.meta.internal.mtags.MtagsEnrichments$XtensionStringMtags.toAbsolutePath(MtagsEnrichments.scala:158)
	at scala.meta.internal.metals.MetalsEnrichments$XtensionString.toAbsolutePath(MetalsEnrichments.scala:609)
	at scala.meta.internal.metals.MetalsEnrichments$XtensionString.toAbsolutePath(MetalsEnrichments.scala:606)
	at scala.meta.internal.metals.MetalsLanguageServer.updateWorkspaceDirectory(MetalsLanguageServer.scala:365)
	at scala.meta.internal.metals.MetalsLanguageServer.$anonfun$initialize$2(MetalsLanguageServer.scala:879)
	at scala.concurrent.Future$.$anonfun$apply$1(Future.scala:678)
	at scala.concurrent.impl.Promise$Transformation.run(Promise.scala:467)
	... 3 more
Caused by: java.net.URISyntaxException: Illegal character in path at index 13: file:///e:/BS CS %28IBA%29/8th Semester/FYP Stuff/GeneratePDF
	at java.base/java.net.URI$Parser.fail(URI.java:2913)
	at java.base/java.net.URI$Parser.checkChars(URI.java:3084)
	at java.base/java.net.URI$Parser.parseHierarchical(URI.java:3166)
	at java.base/java.net.URI$Parser.parse(URI.java:3114)
	at java.base/java.net.URI.<init>(URI.java:600)
	at java.base/java.net.URI.create(URI.java:881)
	... 10 more

2023.02.25 13:56:50 INFO  tracing is disabled for protocol LSP, to enable tracing of incoming and outgoing JSON messages create an empty file at e:\BS CS (IBA)\8th Semester\FYP Stuff\GeneratePDF\.metals\lsp.trace.json or C:\Users\Hope\AppData\Local\scalameta\metals\cache\lsp.trace.json
Feb 25, 2023 1:56:52 PM org.eclipse.lsp4j.jsonrpc.RemoteEndpoint fallbackResponseError
SEVERE: Internal error: java.lang.IllegalArgumentException: Illegal character in path at index 13: file:///e:/BS CS %28IBA%29/8th Semester/FYP Stuff/GeneratePDF
java.util.concurrent.CompletionException: java.lang.IllegalArgumentException: Illegal character in path at index 13: file:///e:/BS CS %28IBA%29/8th Semester/FYP Stuff/GeneratePDF
	at java.base/java.util.concurrent.CompletableFuture.encodeThrowable(CompletableFuture.java:331)
	at java.base/java.util.concurrent.CompletableFuture.completeThrowable(CompletableFuture.java:346)
	at java.base/java.util.concurrent.CompletableFuture$UniAccept.tryFire(CompletableFuture.java:704)
	at java.base/java.util.concurrent.CompletableFuture.postComplete(CompletableFuture.java:506)
	at java.base/java.util.concurrent.CompletableFuture.completeExceptionally(CompletableFuture.java:2088)
	at scala.concurrent.java8.FuturesConvertersImpl$CF.apply(FutureConvertersImpl.scala:29)
	at scala.concurrent.java8.FuturesConvertersImpl$CF.apply(FutureConvertersImpl.scala:26)
	at scala.concurrent.impl.Promise$Transformation.run(Promise.scala:484)
	at scala.concurrent.ExecutionContext$parasitic$.execute(ExecutionContext.scala:222)
	at scala.concurrent.impl.Promise$Transformation.submitWithValue(Promise.scala:429)
	at scala.concurrent.impl.Promise$DefaultPromise.submitWithValue(Promise.scala:338)
	at scala.concurrent.impl.Promise$DefaultPromise.tryComplete0(Promise.scala:285)
	at scala.concurrent.impl.Promise$Transformation.run(Promise.scala:504)
	at java.base/java.util.concurrent.ThreadPoolExecutor.runWorker(ThreadPoolExecutor.java:1128)
	at java.base/java.util.concurrent.ThreadPoolExecutor$Worker.run(ThreadPoolExecutor.java:628)
	at java.base/java.lang.Thread.run(Thread.java:829)
Caused by: java.lang.IllegalArgumentException: Illegal character in path at index 13: file:///e:/BS CS %28IBA%29/8th Semester/FYP Stuff/GeneratePDF
	at java.base/java.net.URI.create(URI.java:883)
	at scala.meta.internal.mtags.MtagsEnrichments$XtensionStringMtags.toAbsolutePath(MtagsEnrichments.scala:158)
	at scala.meta.internal.metals.MetalsEnrichments$XtensionString.toAbsolutePath(MetalsEnrichments.scala:609)
	at scala.meta.internal.metals.MetalsEnrichments$XtensionString.toAbsolutePath(MetalsEnrichments.scala:606)
	at scala.meta.internal.metals.MetalsLanguageServer.updateWorkspaceDirectory(MetalsLanguageServer.scala:365)
	at scala.meta.internal.metals.MetalsLanguageServer.$anonfun$initialize$2(MetalsLanguageServer.scala:879)
	at scala.concurrent.Future$.$anonfun$apply$1(Future.scala:678)
	at scala.concurrent.impl.Promise$Transformation.run(Promise.scala:467)
	... 3 more
Caused by: java.net.URISyntaxException: Illegal character in path at index 13: file:///e:/BS CS %28IBA%29/8th Semester/FYP Stuff/GeneratePDF
	at java.base/java.net.URI$Parser.fail(URI.java:2913)
	at java.base/java.net.URI$Parser.checkChars(URI.java:3084)
	at java.base/java.net.URI$Parser.parseHierarchical(URI.java:3166)
	at java.base/java.net.URI$Parser.parse(URI.java:3114)
	at java.base/java.net.URI.<init>(URI.java:600)
	at java.base/java.net.URI.create(URI.java:881)
	... 10 more

2023.02.25 13:56:56 INFO  tracing is disabled for protocol LSP, to enable tracing of incoming and outgoing JSON messages create an empty file at e:\BS CS (IBA)\8th Semester\FYP Stuff\GeneratePDF\.metals\lsp.trace.json or C:\Users\Hope\AppData\Local\scalameta\metals\cache\lsp.trace.json
Feb 25, 2023 1:56:58 PM org.eclipse.lsp4j.jsonrpc.RemoteEndpoint fallbackResponseError
SEVERE: Internal error: java.lang.IllegalArgumentException: Illegal character in path at index 13: file:///e:/BS CS %28IBA%29/8th Semester/FYP Stuff/GeneratePDF
java.util.concurrent.CompletionException: java.lang.IllegalArgumentException: Illegal character in path at index 13: file:///e:/BS CS %28IBA%29/8th Semester/FYP Stuff/GeneratePDF
	at java.base/java.util.concurrent.CompletableFuture.encodeThrowable(CompletableFuture.java:331)
	at java.base/java.util.concurrent.CompletableFuture.completeThrowable(CompletableFuture.java:346)
	at java.base/java.util.concurrent.CompletableFuture$UniAccept.tryFire(CompletableFuture.java:704)
	at java.base/java.util.concurrent.CompletableFuture.postComplete(CompletableFuture.java:506)
	at java.base/java.util.concurrent.CompletableFuture.completeExceptionally(CompletableFuture.java:2088)
	at scala.concurrent.java8.FuturesConvertersImpl$CF.apply(FutureConvertersImpl.scala:29)
	at scala.concurrent.java8.FuturesConvertersImpl$CF.apply(FutureConvertersImpl.scala:26)
	at scala.concurrent.impl.Promise$Transformation.run(Promise.scala:484)
	at scala.concurrent.ExecutionContext$parasitic$.execute(ExecutionContext.scala:222)
	at scala.concurrent.impl.Promise$Transformation.submitWithValue(Promise.scala:429)
	at scala.concurrent.impl.Promise$DefaultPromise.submitWithValue(Promise.scala:338)
	at scala.concurrent.impl.Promise$DefaultPromise.tryComplete0(Promise.scala:285)
	at scala.concurrent.impl.Promise$Transformation.run(Promise.scala:504)
	at java.base/java.util.concurrent.ThreadPoolExecutor.runWorker(ThreadPoolExecutor.java:1128)
	at java.base/java.util.concurrent.ThreadPoolExecutor$Worker.run(ThreadPoolExecutor.java:628)
	at java.base/java.lang.Thread.run(Thread.java:829)
Caused by: java.lang.IllegalArgumentException: Illegal character in path at index 13: file:///e:/BS CS %28IBA%29/8th Semester/FYP Stuff/GeneratePDF
	at java.base/java.net.URI.create(URI.java:883)
	at scala.meta.internal.mtags.MtagsEnrichments$XtensionStringMtags.toAbsolutePath(MtagsEnrichments.scala:158)
	at scala.meta.internal.metals.MetalsEnrichments$XtensionString.toAbsolutePath(MetalsEnrichments.scala:609)
	at scala.meta.internal.metals.MetalsEnrichments$XtensionString.toAbsolutePath(MetalsEnrichments.scala:606)
	at scala.meta.internal.metals.MetalsLanguageServer.updateWorkspaceDirectory(MetalsLanguageServer.scala:365)
	at scala.meta.internal.metals.MetalsLanguageServer.$anonfun$initialize$2(MetalsLanguageServer.scala:879)
	at scala.concurrent.Future$.$anonfun$apply$1(Future.scala:678)
	at scala.concurrent.impl.Promise$Transformation.run(Promise.scala:467)
	... 3 more
Caused by: java.net.URISyntaxException: Illegal character in path at index 13: file:///e:/BS CS %28IBA%29/8th Semester/FYP Stuff/GeneratePDF
	at java.base/java.net.URI$Parser.fail(URI.java:2913)
	at java.base/java.net.URI$Parser.checkChars(URI.java:3084)
	at java.base/java.net.URI$Parser.parseHierarchical(URI.java:3166)
	at java.base/java.net.URI$Parser.parse(URI.java:3114)
	at java.base/java.net.URI.<init>(URI.java:600)
	at java.base/java.net.URI.create(URI.java:881)
	... 10 more

2023.02.25 13:57:01 INFO  tracing is disabled for protocol LSP, to enable tracing of incoming and outgoing JSON messages create an empty file at e:\BS CS (IBA)\8th Semester\FYP Stuff\GeneratePDF\.metals\lsp.trace.json or C:\Users\Hope\AppData\Local\scalameta\metals\cache\lsp.trace.json
Feb 25, 2023 1:57:03 PM org.eclipse.lsp4j.jsonrpc.RemoteEndpoint fallbackResponseError
SEVERE: Internal error: java.lang.IllegalArgumentException: Illegal character in path at index 13: file:///e:/BS CS %28IBA%29/8th Semester/FYP Stuff/GeneratePDF
java.util.concurrent.CompletionException: java.lang.IllegalArgumentException: Illegal character in path at index 13: file:///e:/BS CS %28IBA%29/8th Semester/FYP Stuff/GeneratePDF
	at java.base/java.util.concurrent.CompletableFuture.encodeThrowable(CompletableFuture.java:331)
	at java.base/java.util.concurrent.CompletableFuture.completeThrowable(CompletableFuture.java:346)
	at java.base/java.util.concurrent.CompletableFuture$UniAccept.tryFire(CompletableFuture.java:704)
	at java.base/java.util.concurrent.CompletableFuture.postComplete(CompletableFuture.java:506)
	at java.base/java.util.concurrent.CompletableFuture.completeExceptionally(CompletableFuture.java:2088)
	at scala.concurrent.java8.FuturesConvertersImpl$CF.apply(FutureConvertersImpl.scala:29)
	at scala.concurrent.java8.FuturesConvertersImpl$CF.apply(FutureConvertersImpl.scala:26)
	at scala.concurrent.impl.Promise$Transformation.run(Promise.scala:484)
	at scala.concurrent.ExecutionContext$parasitic$.execute(ExecutionContext.scala:222)
	at scala.concurrent.impl.Promise$Transformation.submitWithValue(Promise.scala:429)
	at scala.concurrent.impl.Promise$DefaultPromise.submitWithValue(Promise.scala:338)
	at scala.concurrent.impl.Promise$DefaultPromise.tryComplete0(Promise.scala:285)
	at scala.concurrent.impl.Promise$Transformation.run(Promise.scala:504)
	at java.base/java.util.concurrent.ThreadPoolExecutor.runWorker(ThreadPoolExecutor.java:1128)
	at java.base/java.util.concurrent.ThreadPoolExecutor$Worker.run(ThreadPoolExecutor.java:628)
	at java.base/java.lang.Thread.run(Thread.java:829)
Caused by: java.lang.IllegalArgumentException: Illegal character in path at index 13: file:///e:/BS CS %28IBA%29/8th Semester/FYP Stuff/GeneratePDF
	at java.base/java.net.URI.create(URI.java:883)
	at scala.meta.internal.mtags.MtagsEnrichments$XtensionStringMtags.toAbsolutePath(MtagsEnrichments.scala:158)
	at scala.meta.internal.metals.MetalsEnrichments$XtensionString.toAbsolutePath(MetalsEnrichments.scala:609)
	at scala.meta.internal.metals.MetalsEnrichments$XtensionString.toAbsolutePath(MetalsEnrichments.scala:606)
	at scala.meta.internal.metals.MetalsLanguageServer.updateWorkspaceDirectory(MetalsLanguageServer.scala:365)
	at scala.meta.internal.metals.MetalsLanguageServer.$anonfun$initialize$2(MetalsLanguageServer.scala:879)
	at scala.concurrent.Future$.$anonfun$apply$1(Future.scala:678)
	at scala.concurrent.impl.Promise$Transformation.run(Promise.scala:467)
	... 3 more
Caused by: java.net.URISyntaxException: Illegal character in path at index 13: file:///e:/BS CS %28IBA%29/8th Semester/FYP Stuff/GeneratePDF
	at java.base/java.net.URI$Parser.fail(URI.java:2913)
	at java.base/java.net.URI$Parser.checkChars(URI.java:3084)
	at java.base/java.net.URI$Parser.parseHierarchical(URI.java:3166)
	at java.base/java.net.URI$Parser.parse(URI.java:3114)
	at java.base/java.net.URI.<init>(URI.java:600)
	at java.base/java.net.URI.create(URI.java:881)
	... 10 more

